# JRE version: Java(TM) SE Runtime Environment (8.0_301-b09) (build 1.8.0_301-b09)
# Java VM: Java HotSpot(TM) 64-Bit Server VM (25.301-b09 mixed mode windows-amd64 compressed oops)
Heap:
 PSYoungGen      total 56320K, used 10081K [0x00000000d5f80000, 0x00000000d9e00000, 0x0000000100000000)
  eden space 49152K, 20% used [0x00000000d5f80000,0x00000000d6958498,0x00000000d8f80000)
  from space 7168K, 0% used [0x00000000d9000000,0x00000000d9000000,0x00000000d9700000)
  to   space 6144K, 0% used [0x00000000d9800000,0x00000000d9800000,0x00000000d9e00000)
 ParOldGen       total 55296K, used 8581K [0x0000000081e00000, 0x0000000085400000, 0x00000000d5f80000)
  object space 55296K, 15% used [0x0000000081e00000,0x0000000082661760,0x0000000085400000)
 Metaspace       used 28688K, capacity 30336K, committed 30976K, reserved 1077248K
  class space    used 3527K, capacity 3884K, committed 4096K, reserved 1048576K
GC Heap History (10 events):
Event: 2.751 GC heap before
{Heap before GC invocations=5 (full 1):
 PSYoungGen      total 38400K, used 4898K [0x00000000d5f80000, 0x00000000daa80000, 0x0000000100000000)
  eden space 33280K, 0% used [0x00000000d5f80000,0x00000000d5f80000,0x00000000d8000000)
  from space 5120K, 95% used [0x00000000d8500000,0x00000000d89c8838,0x00000000d8a00000)
  to   space 5120K, 0% used [0x00000000d8000000,0x00000000d8000000,0x00000000d8500000)
 ParOldGen       total 87552K, used 2560K [0x0000000081e00000, 0x0000000087380000, 0x00000000d5f80000)
  object space 87552K, 2% used [0x0000000081e00000,0x0000000082080200,0x0000000087380000)
 Metaspace       used 19987K, capacity 21246K, committed 21296K, reserved 1069056K
  class space    used 2391K, capacity 2665K, committed 2688K, reserved 1048576K
Event: 2.776 GC heap after
Heap after GC invocations=5 (full 1):
 PSYoungGen      total 38400K, used 0K [0x00000000d5f80000, 0x00000000daa80000, 0x0000000100000000)
  eden space 33280K, 0% used [0x00000000d5f80000,0x00000000d5f80000,0x00000000d8000000)
  from space 5120K, 0% used [0x00000000d8500000,0x00000000d8500000,0x00000000d8a00000)
  to   space 5120K, 0% used [0x00000000d8000000,0x00000000d8000000,0x00000000d8500000)
 ParOldGen       total 55296K, used 4831K [0x0000000081e00000, 0x0000000085400000, 0x00000000d5f80000)
  object space 55296K, 8% used [0x0000000081e00000,0x00000000822b7f68,0x0000000085400000)
 Metaspace       used 19748K, capacity 20638K, committed 21296K, reserved 1069056K
  class space    used 2306K, capacity 2521K, committed 2688K, reserved 1048576K
}
Event: 3.518 GC heap before
{Heap before GC invocations=6 (full 1):
 PSYoungGen      total 38400K, used 33280K [0x00000000d5f80000, 0x00000000daa80000, 0x0000000100000000)
  eden space 33280K, 100% used [0x00000000d5f80000,0x00000000d8000000,0x00000000d8000000)
  from space 5120K, 0% used [0x00000000d8500000,0x00000000d8500000,0x00000000d8a00000)
  to   space 5120K, 0% used [0x00000000d8000000,0x00000000d8000000,0x00000000d8500000)
 ParOldGen       total 55296K, used 4831K [0x0000000081e00000, 0x0000000085400000, 0x00000000d5f80000)
  object space 55296K, 8% used [0x0000000081e00000,0x00000000822b7f68,0x0000000085400000)
 Metaspace       used 23777K, capacity 24856K, committed 25472K, reserved 1071104K
  class space    used 2803K, capacity 3064K, committed 3200K, reserved 1048576K
Event: 3.522 GC heap after
Heap after GC invocations=6 (full 1):
 PSYoungGen      total 38400K, used 4954K [0x00000000d5f80000, 0x00000000d9f00000, 0x0000000100000000)
  eden space 33280K, 0% used [0x00000000d5f80000,0x00000000d5f80000,0x00000000d8000000)
  from space 5120K, 96% used [0x00000000d8000000,0x00000000d84d6a38,0x00000000d8500000)
  to   space 7168K, 0% used [0x00000000d9800000,0x00000000d9800000,0x00000000d9f00000)
 ParOldGen       total 55296K, used 4839K [0x0000000081e00000, 0x0000000085400000, 0x00000000d5f80000)
  object space 55296K, 8% used [0x0000000081e00000,0x00000000822b9f68,0x0000000085400000)
 Metaspace       used 23777K, capacity 24856K, committed 25472K, reserved 1071104K
  class space    used 2803K, capacity 3064K, committed 3200K, reserved 1048576K
}
Event: 6.838 GC heap before
{Heap before GC invocations=7 (full 1):
 PSYoungGen      total 38400K, used 38234K [0x00000000d5f80000, 0x00000000d9f00000, 0x0000000100000000)
  eden space 33280K, 100% used [0x00000000d5f80000,0x00000000d8000000,0x00000000d8000000)
  from space 5120K, 96% used [0x00000000d8000000,0x00000000d84d6a38,0x00000000d8500000)
  to   space 7168K, 0% used [0x00000000d9800000,0x00000000d9800000,0x00000000d9f00000)
 ParOldGen       total 55296K, used 4839K [0x0000000081e00000, 0x0000000085400000, 0x00000000d5f80000)
  object space 55296K, 8% used [0x0000000081e00000,0x00000000822b9f68,0x0000000085400000)
 Metaspace       used 27332K, capacity 29142K, committed 29440K, reserved 1075200K
  class space    used 3381K, capacity 3787K, committed 3840K, reserved 1048576K
Event: 6.847 GC heap after
Heap after GC invocations=7 (full 1):
 PSYoungGen      total 55296K, used 5890K [0x00000000d5f80000, 0x00000000d9e00000, 0x0000000100000000)
  eden space 49152K, 0% used [0x00000000d5f80000,0x00000000d5f80000,0x00000000d8f80000)
  from space 6144K, 95% used [0x00000000d9800000,0x00000000d9dc0930,0x00000000d9e00000)
  to   space 7168K, 0% used [0x00000000d9000000,0x00000000d9000000,0x00000000d9700000)
 ParOldGen       total 55296K, used 4847K [0x0000000081e00000, 0x0000000085400000, 0x00000000d5f80000)
  object space 55296K, 8% used [0x0000000081e00000,0x00000000822bbf68,0x0000000085400000)
 Metaspace       used 27332K, capacity 29142K, committed 29440K, reserved 1075200K
  class space    used 3381K, capacity 3787K, committed 3840K, reserved 1048576K
}
Event: 7.134 GC heap before
{Heap before GC invocations=8 (full 1):
 PSYoungGen      total 55296K, used 17524K [0x00000000d5f80000, 0x00000000d9e00000, 0x0000000100000000)
  eden space 49152K, 23% used [0x00000000d5f80000,0x00000000d6adc8d0,0x00000000d8f80000)
  from space 6144K, 95% used [0x00000000d9800000,0x00000000d9dc0930,0x00000000d9e00000)
  to   space 7168K, 0% used [0x00000000d9000000,0x00000000d9000000,0x00000000d9700000)
 ParOldGen       total 55296K, used 4847K [0x0000000081e00000, 0x0000000085400000, 0x00000000d5f80000)
  object space 55296K, 8% used [0x0000000081e00000,0x00000000822bbf68,0x0000000085400000)
 Metaspace       used 28470K, capacity 30332K, committed 30464K, reserved 1079296K
  class space    used 3547K, capacity 3986K, committed 4096K, reserved 1048576K
Event: 7.143 GC heap after
Heap after GC invocations=8 (full 1):
 PSYoungGen      total 56320K, used 4846K [0x00000000d5f80000, 0x00000000d9e00000, 0x0000000100000000)
  eden space 49152K, 0% used [0x00000000d5f80000,0x00000000d5f80000,0x00000000d8f80000)
  from space 7168K, 67% used [0x00000000d9000000,0x00000000d94bb8b0,0x00000000d9700000)
  to   space 6144K, 0% used [0x00000000d9800000,0x00000000d9800000,0x00000000d9e00000)
 ParOldGen       total 55296K, used 4855K [0x0000000081e00000, 0x0000000085400000, 0x00000000d5f80000)
  object space 55296K, 8% used [0x0000000081e00000,0x00000000822bdf68,0x0000000085400000)
 Metaspace       used 28470K, capacity 30332K, committed 30464K, reserved 1079296K
  class space    used 3547K, capacity 3986K, committed 4096K, reserved 1048576K
}
Event: 7.143 GC heap before
{Heap before GC invocations=9 (full 2):
 PSYoungGen      total 56320K, used 4846K [0x00000000d5f80000, 0x00000000d9e00000, 0x0000000100000000)
  eden space 49152K, 0% used [0x00000000d5f80000,0x00000000d5f80000,0x00000000d8f80000)
  from space 7168K, 67% used [0x00000000d9000000,0x00000000d94bb8b0,0x00000000d9700000)
  to   space 6144K, 0% used [0x00000000d9800000,0x00000000d9800000,0x00000000d9e00000)
 ParOldGen       total 55296K, used 4855K [0x0000000081e00000, 0x0000000085400000, 0x00000000d5f80000)
  object space 55296K, 8% used [0x0000000081e00000,0x00000000822bdf68,0x0000000085400000)
 Metaspace       used 28470K, capacity 30332K, committed 30464K, reserved 1079296K
  class space    used 3547K, capacity 3986K, committed 4096K, reserved 1048576K
Event: 7.177 GC heap after
Heap after GC invocations=9 (full 2):
 PSYoungGen      total 56320K, used 0K [0x00000000d5f80000, 0x00000000d9e00000, 0x0000000100000000)
  eden space 49152K, 0% used [0x00000000d5f80000,0x00000000d5f80000,0x00000000d8f80000)
  from space 7168K, 0% used [0x00000000d9000000,0x00000000d9000000,0x00000000d9700000)
  to   space 6144K, 0% used [0x00000000d9800000,0x00000000d9800000,0x00000000d9e00000)
 ParOldGen       total 55296K, used 8581K [0x0000000081e00000, 0x0000000085400000, 0x00000000d5f80000)
  object space 55296K, 15% used [0x0000000081e00000,0x0000000082661760,0x0000000085400000)
 Metaspace       used 28232K, capacity 29728K, committed 30464K, reserved 1077248K
  class space    used 3462K, capacity 3842K, committed 4096K, reserved 1048576K
}

